*.sln
SMDK\Bin\*.*
.\Com\ScdCOM\ScdCOM.h
.\Com\ScdIF\ScdIF.h
.\Com\ScdMdl\ScdMdl.h
.\Com\ScdSlv\ScdSlv.h
.\Com\ScdVB\ScdVB.h
.\Scada\SysCADMarshal\SysCADMarshal_i.h
.\Scd\SysCAD\SysCAD_i.h
.\Com\ScdCOM\dlldata.c
.\Com\ScdCOM\ScdCOM_i.c
.\Com\ScdCOM\ScdCOM_p.c
.\Com\ScdIF\ScdIF_i.c
.\Com\ScdIF\ScdIF_p.c
.\Com\ScdIF\dlldata.c
.\Com\ScdMdl\ScdMdl_i.c
.\Com\ScdMdl\ScdMdl_p.c
.\Com\ScdMdl\dlldata.c
.\Com\ScdSlv\ScdSlv_i.c
.\Com\ScdVB\dlldata.c
.\Com\ScdVB\ScdVB_i.c
.\Com\ScdVB\ScdVB_p.c
.\Scada\SysCADMarshal\dlldata.c
.\Scada\SysCADMarshal\SysCADMarshal_i.c
.\Scada\SysCADMarshal\SysCADMarshal_p.c
.\Scd\SysCAD\SysCAD_i.c
SMDK\Include\ScdCOM.h
SMDK\Include\ScdIF.h
SMDK\Include\ScdMdl.h
SMDK\Include\ScdSlv.h
SMDK\Include\ScdVB.h
SMDK\Include\ScdCOM_i.c
SMDK\Include\ScdIF_i.c
SMDK\Include\ScdMdl_i.c
SMDK\Include\ScdSlv_i.c
SMDK\Include\ScdVB_i.c
SMDK\Include\SysCAD_i.c
