*.sln
mkx.cmd
mk*.lst
BldCopy*.cmd
Del*.cmd
.\*.h
.\*.c
.\*.cc
.\*.cpp
.\*.hpp
.\*.inl
.\*.rc*
.\*.bmp
.\*.ico
.\*.cur
.\*.vcproj
.\*.suo
.\*.clw
.\*.def
.\*.odl
.\*.regxxx
.\*.tlbxx
.\vbscript.tlb
.\*.idl
.\*.rgs
.\*.frm
.\*.frx
.\*.bas
.\*.vbp
.\*.vbw
.\*.cls
.\*.vb
.\*.log
.\*.vbproj
.\*.resx
.\crp32d60.*.lib
.\Scd\FlwLib\SparseSlv\*.*
.\Scada\ScdOPC\*.exe
.\Scada\ScdOPC\*.dll
.\Scada\ScdOPC\*.doc
.\Scada\ScdOPC\*.txt
.\Scada\ScdOPC\*.mc
_Xfr\*.cmd
SMDK\*.h
SMDK\*.c
SMDK\*.cpp
SMDK\*.hpp
SMDK\*.inl
SMDK\*.rc*
SMDK\*.bmp
SMDK\*.ico
SMDK\*.cur
SMDK\*.vcproj
SMDK\*.suo
SMDK\*.sln
SMDK\*.clw
SMDK\*.def
SMDK\*.odl
SMDK\*.idl
SMDK\*.rgs
SMDK\*.frm
SMDK\*.frx
SMDK\*.bas
SMDK\*.vbp
SMDK\*.vbw
SMDK\*.cls
SMDK\crp32d60.lib
SMDK\DevLic.exexxx
Bin\Reg*.cmd
Bin\Rem*.zip
Bin\CRP32*.*
